<?xml version="1.0" encoding="UTF-8"?>
<testsuite name="MainTest" tests="6" skipped="0" failures="0" errors="0" timestamp="2021-07-24T16:21:32" hostname="mac-1221.local" time="0.015">
  <properties/>
  <testcase name="array_size_greater_than_two_should_be_true" classname="MainTest" time="0.002"/>
  <testcase name="array_size_two_should_be_false" classname="MainTest" time="0.0"/>
  <testcase name="array_size_lesser_than_two_should_be_false" classname="MainTest" time="0.002"/>
  <testcase name="array_size_two_should_be_true" classname="MainTest" time="0.001"/>
  <testcase name="array_empty_size_should_be_false" classname="MainTest" time="0.003"/>
  <testcase name="array_size_greater_than_two_should_be_false" classname="MainTest" time="0.002"/>
  <system-out><![CDATA[]]></system-out>
  <system-err><![CDATA[]]></system-err>
</testsuite>
